'/home/pd0rk1n/.bashrc' -> '/home/pd0rk1n/backups/arch-dotfiles-20250616/.bashrc'
'/home/pd0rk1n/.zshrc' -> '/home/pd0rk1n/backups/arch-dotfiles-20250616/.zshrc'
'/home/pd0rk1n/.zshrc-nemesis' -> '/home/pd0rk1n/backups/arch-dotfiles-20250616/.zshrc-nemesis'
⚠️ Missing .ssh
⚠️ Missing .gnupg
'/home/pd0rk1n/.face' -> '/home/pd0rk1n/backups/arch-dotfiles-20250616/.face'
'/home/pd0rk1n/.screenrc' -> '/home/pd0rk1n/backups/arch-dotfiles-20250616/.screenrc'
⚠️ Missing .fonts
⚠️ Missing .icons
'/home/pd0rk1n/.xsessionrc' -> '/home/pd0rk1n/backups/arch-dotfiles-20250616/.xsessionrc'
⚠️ Missing .local
'/home/pd0rk1n/.bashrc-nemesis' -> '/home/pd0rk1n/backups/arch-dotfiles-20250616/.bashrc-nemesis'
'/home/pd0rk1n/.dmrc' -> '/home/pd0rk1n/backups/arch-dotfiles-20250616/.dmrc'
'/home/pd0rk1n/.gitconfig' -> '/home/pd0rk1n/backups/arch-dotfiles-20250616/.gitconfig'
'/home/pd0rk1n/.gtkrc-2.0' -> '/home/pd0rk1n/backups/arch-dotfiles-20250616/.gtkrc-2.0'
'/home/pd0rk1n/.xinitrc' -> '/home/pd0rk1n/backups/arch-dotfiles-20250616/.xinitrc'
'/home/pd0rk1n/.Xresources' -> '/home/pd0rk1n/backups/arch-dotfiles-20250616/.Xresources'
⚠️ Missing .themes
⚠️ Missing .config
⚠️ Missing .config/xfce
⚠️ Missing .config/gtk-3.0
⚠️ fonts missing
'/home/pd0rk1n/.bashrc' -> '/home/pd0rk1n/backups/arch-dotfiles-20250616/.bashrc'
'/home/pd0rk1n/.zshrc' -> '/home/pd0rk1n/backups/arch-dotfiles-20250616/.zshrc'
'/home/pd0rk1n/.zshrc-nemesis' -> '/home/pd0rk1n/backups/arch-dotfiles-20250616/.zshrc-nemesis'
⚠️ Missing .ssh
⚠️ Missing .gnupg
'/home/pd0rk1n/.face' -> '/home/pd0rk1n/backups/arch-dotfiles-20250616/.face'
'/home/pd0rk1n/.screenrc' -> '/home/pd0rk1n/backups/arch-dotfiles-20250616/.screenrc'
⚠️ Missing .fonts
⚠️ Missing .icons
'/home/pd0rk1n/.xsessionrc' -> '/home/pd0rk1n/backups/arch-dotfiles-20250616/.xsessionrc'
⚠️ Missing .local
'/home/pd0rk1n/.bashrc-nemesis' -> '/home/pd0rk1n/backups/arch-dotfiles-20250616/.bashrc-nemesis'
'/home/pd0rk1n/.dmrc' -> '/home/pd0rk1n/backups/arch-dotfiles-20250616/.dmrc'
'/home/pd0rk1n/.gitconfig' -> '/home/pd0rk1n/backups/arch-dotfiles-20250616/.gitconfig'
'/home/pd0rk1n/.gtkrc-2.0' -> '/home/pd0rk1n/backups/arch-dotfiles-20250616/.gtkrc-2.0'
'/home/pd0rk1n/.xinitrc' -> '/home/pd0rk1n/backups/arch-dotfiles-20250616/.xinitrc'
'/home/pd0rk1n/.Xresources' -> '/home/pd0rk1n/backups/arch-dotfiles-20250616/.Xresources'
'/home/pd0rk1n/.xprofile' -> '/home/pd0rk1n/backups/arch-dotfiles-20250616/.xprofile'
⚠️ Missing .themes
⚠️ Missing .config
⚠️ Missing .config/xfce
⚠️ Missing .config/gtk-3.0
⚠️ fonts missing
